<testsuites>
	<testsuite name="native_sim/native/64" timestamp="2026-01-28T14:13:26.939128" time="0.0" tests="1" failures="1" errors="0" skipped="0">
		<properties>
			<property name="version" value="v4.0.99-ncs1-2" />
		</properties>
		<testcase classname="mac_ft_beacon.basic" name="mac_ft_beacon.basic.dect_ft_beacon.ft_scans_and_enters_beaconing" time="0.00">
			<failure type="failure" message="Build failure">Loading Zephyr default modules (Zephyr base).
-- Application: /home/bob/ncs/v3-zlink-U/nrf/lib/dect_nrplus/tests/mac_ft_beacon
-- CMake version: 3.21.0
-- Found Python3: /home/bob/ncs/toolchains/43683a87ea/usr/local/bin/python3.12 (found suitable version "3.12.4", minimum required is "3.10") found components: Interpreter 
-- Cache files will be written to: /home/bob/.cache/zephyr
-- Zephyr version: 4.0.99 (/home/bob/ncs/v3-zlink-U/zephyr)
-- Found west (found suitable version "1.4.0", minimum required is "0.14.0")
-- Board: native_sim, qualifiers: native/64
-- Found host-tools: zephyr 0.17.0 (/home/bob/ncs/toolchains/43683a87ea/opt/zephyr-sdk)
-- Found toolchain: host (gcc/ld)
-- Found Dtc: /home/bob/ncs/toolchains/43683a87ea/usr/bin/dtc (found suitable version "1.5.0", minimum required is "1.4.6") 
-- Found BOARD.dts: /home/bob/ncs/v3-zlink-U/zephyr/boards/native/native_sim/native_sim_64.dts
-- Generated zephyr.dts: /home/bob/ncs/v3-zlink-U/nrf/lib/dect_nrplus/tests/twister-out/native_sim_native_64/host/mac_ft_beacon.basic/zephyr/zephyr.dts
-- Generated pickled edt: /home/bob/ncs/v3-zlink-U/nrf/lib/dect_nrplus/tests/twister-out/native_sim_native_64/host/mac_ft_beacon.basic/zephyr/edt.pickle
-- Generated zephyr.dts: /home/bob/ncs/v3-zlink-U/nrf/lib/dect_nrplus/tests/twister-out/native_sim_native_64/host/mac_ft_beacon.basic/zephyr/zephyr.dts
-- Generated devicetree_generated.h: /home/bob/ncs/v3-zlink-U/nrf/lib/dect_nrplus/tests/twister-out/native_sim_native_64/host/mac_ft_beacon.basic/zephyr/include/generated/zephyr/devicetree_generated.h
-- Including generated dts.cmake file: /home/bob/ncs/v3-zlink-U/nrf/lib/dect_nrplus/tests/twister-out/native_sim_native_64/host/mac_ft_beacon.basic/zephyr/dts.cmake
Parsing /home/bob/ncs/v3-zlink-U/zephyr/Kconfig
Loaded configuration '/home/bob/ncs/v3-zlink-U/zephyr/boards/native/native_sim/native_sim_64_defconfig'
Merged configuration '/home/bob/ncs/v3-zlink-U/nrf/lib/dect_nrplus/tests/mac_ft_beacon/prj.conf'
Merged configuration '/home/bob/ncs/v3-zlink-U/nrf/lib/dect_nrplus/tests/twister-out/native_sim_native_64/host/mac_ft_beacon.basic/zephyr/misc/generated/extra_kconfig_options.conf'
Configuration saved to '/home/bob/ncs/v3-zlink-U/nrf/lib/dect_nrplus/tests/twister-out/native_sim_native_64/host/mac_ft_beacon.basic/zephyr/.config'
Kconfig header saved to '/home/bob/ncs/v3-zlink-U/nrf/lib/dect_nrplus/tests/twister-out/native_sim_native_64/host/mac_ft_beacon.basic/zephyr/include/generated/zephyr/autoconf.h'
-- Found GnuLd: /usr/bin/ld.bfd (found version "2.38") 
-- The C compiler identification is GNU 11.4.0
-- The CXX compiler identification is GNU 11.4.0
-- The ASM compiler identification is GNU
-- Found assembler: /usr/bin/gcc
-- Using ccache: /home/bob/ncs/toolchains/43683a87ea/usr/bin/ccache
-- Configuring done
-- Generating done
CMake Warning:
  Manually-specified variables were not used by the project:

    TC_NAME


-- Build files have been written to: /home/bob/ncs/v3-zlink-U/nrf/lib/dect_nrplus/tests/twister-out/native_sim_native_64/host/mac_ft_beacon.basic
[1/163] Preparing syscall dependency handling

[2/163] Generating ../../zephyr/include/generated/ncs_commit.h
[3/163] Generating ../../zephyr/include/generated/zephyr_commit.h
[4/163] Generating ../../zephyr/include/generated/ncs_version.h
[5/163] Generating include/generated/zephyr/version.h
-- Zephyr version: 4.0.99 (/home/bob/ncs/v3-zlink-U/zephyr), build: v4.0.99-ncs1-2
[6/163] Generating misc/generated/syscalls_subdirs.trigger
[7/163] Generating misc/generated/syscalls.json, misc/generated/struct_tags.json
[8/163] Generating include/generated/device-api-sections.ld, include/generated/device-api-sections.cmake
[9/163] Generating include/generated/zephyr/syscall_dispatch.c, include/generated/zephyr/syscall_exports_llext.c, syscall_weakdefs_llext.c, include/generated/zephyr/syscall_list.h
[10/163] Generating include/generated/zephyr/kobj-types-enum.h, include/generated/zephyr/otype-to-str.h, include/generated/zephyr/otype-to-size.h
[11/163] Generating include/generated/zephyr/driver-validation.h
[12/163] Building C object zephyr/CMakeFiles/offsets.dir/arch/posix/core/offsets/offsets.c.obj
[13/163] Generating include/generated/zephyr/offsets.h
[14/163] Building C object CMakeFiles/app.dir/home/bob/ncs/v3-zlink-U/nrf/lib/dect_nrplus/mac/dect_mac_mgmt.c.obj
[15/163] Building C object CMakeFiles/app.dir/home/bob/ncs/v3-zlink-U/nrf/lib/dect_nrplus/mac/dect_mac_nvs.c.obj
[16/163] Building C object CMakeFiles/app.dir/home/bob/ncs/v3-zlink-U/nrf/lib/dect_nrplus/mac/dect_mac.c.obj
[17/163] Building C object CMakeFiles/app.dir/home/bob/ncs/v3-zlink-U/nrf/lib/dect_nrplus/mac/dect_mac_phy_tbs_tables.c.obj
[18/163] Building C object CMakeFiles/app.dir/home/bob/ncs/v3-zlink-U/nrf/lib/dect_nrplus/mac/dect_mac_main_dispatcher.c.obj
[19/163] Building C object CMakeFiles/app.dir/home/bob/ncs/v3-zlink-U/nrf/lib/dect_nrplus/mac/dect_mac_api.c.obj
[20/163] Building C object CMakeFiles/app.dir/home/bob/ncs/v3-zlink-U/nrf/lib/dect_nrplus/mac/dect_mac_core.c.obj
[21/163] Building C object CMakeFiles/app.dir/src/main.c.obj
FAILED: CMakeFiles/app.dir/src/main.c.obj 
ccache /usr/bin/gcc -DKERNEL -DK_HEAP_MEM_POOL_SIZE=0 -DTC_RUNID=c3a691fa99ff0ff50a902c8eaa9051d2 -D__ZEPHYR__=1 -I/home/bob/ncs/v3-zlink-U/zephyr/include -I/home/bob/ncs/v3-zlink-U/nrf/lib/dect_nrplus/tests/mac_ft_beacon/../../include -I/home/bob/ncs/v3-zlink-U/nrf/lib/dect_nrplus/tests/mac_ft_beacon/../../include/mac -I/home/bob/ncs/v3-zlink-U/nrf/lib/dect_nrplus/tests/mac_ft_beacon/../../include/mocks -I/home/bob/ncs/v3-zlink-U/nrf/lib/dect_nrplus/tests/mac_ft_beacon/../../mac/include -I/home/bob/ncs/v3-zlink-U/nrf/lib/dect_nrplus/tests/twister-out/native_sim_native_64/host/mac_ft_beacon.basic/zephyr/include/generated/zephyr -I/home/bob/ncs/v3-zlink-U/nrf/lib/dect_nrplus/tests/twister-out/native_sim_native_64/host/mac_ft_beacon.basic/zephyr/include/generated -I/home/bob/ncs/v3-zlink-U/zephyr/soc/native/inf_clock -I/home/bob/ncs/v3-zlink-U/zephyr/boards/native/native_sim -I/home/bob/ncs/v3-zlink-U/zephyr/scripts/native_simulator/common/src/include -I/home/bob/ncs/v3-zlink-U/zephyr/scripts/native_simulator/native/src/include -I/home/bob/ncs/v3-zlink-U/zephyr/subsys/testsuite/include -I/home/bob/ncs/v3-zlink-U/zephyr/subsys/testsuite/coverage -I/home/bob/ncs/v3-zlink-U/zephyr/subsys/testsuite/ztest/include -I/home/bob/ncs/v3-zlink-U/nrf/include -I/home/bob/ncs/v3-zlink-U/nrf/lib/dect_nrplus/include -I/home/bob/ncs/v3-zlink-U/nrf/lib/dect_nrplus/mac/include -I/home/bob/ncs/v3-zlink-U/nrf/tests/include -fno-strict-aliasing -Werror -Os -imacros /home/bob/ncs/v3-zlink-U/nrf/lib/dect_nrplus/tests/twister-out/native_sim_native_64/host/mac_ft_beacon.basic/zephyr/include/generated/zephyr/autoconf.h -fno-common -g -gdwarf-4 -fdiagnostics-color=always -Wall -Wformat -Wformat-security -Wno-format-zero-length -Wdouble-promotion -Wno-pointer-sign -Wpointer-arith -Wexpansion-to-defined -Wno-unused-but-set-variable -Werror=implicit-int -fno-pic -fno-pie -fno-asynchronous-unwind-tables -fno-reorder-functions --param=min-pagesize=0 -fno-defer-pop -fmacro-prefix-map=/home/bob/ncs/v3-zlink-U/nrf/lib/dect_nrplus/tests/mac_ft_beacon=CMAKE_SOURCE_DIR -fmacro-prefix-map=/home/bob/ncs/v3-zlink-U/zephyr=ZEPHYR_BASE -fmacro-prefix-map=/home/bob/ncs/v3-zlink-U=WEST_TOPDIR -ffunction-sections -fdata-sections -m64 -fPIC -fvisibility=hidden -fno-freestanding -std=c11 -MD -MT CMakeFiles/app.dir/src/main.c.obj -MF CMakeFiles/app.dir/src/main.c.obj.d -o CMakeFiles/app.dir/src/main.c.obj -c /home/bob/ncs/v3-zlink-U/nrf/lib/dect_nrplus/tests/mac_ft_beacon/src/main.c
/home/bob/ncs/v3-zlink-U/nrf/lib/dect_nrplus/tests/mac_ft_beacon/src/main.c: In function dect_ft_beacon_suite_setup:
/home/bob/ncs/v3-zlink-U/nrf/lib/dect_nrplus/tests/mac_ft_beacon/src/main.c:42:9: error: implicit declaration of function mock_phy_reset [-Werror=implicit-function-declaration]
   42 |         mock_phy_reset();
      |         ^~~~~~~~~~~~~~
/home/bob/ncs/v3-zlink-U/nrf/lib/dect_nrplus/tests/mac_ft_beacon/src/main.c: In function dect_ft_beacon_test_ft_scans_and_enters_beaconing:
/home/bob/ncs/v3-zlink-U/nrf/lib/dect_nrplus/tests/mac_ft_beacon/src/main.c:72:42: error: implicit declaration of function mock_phy_get_last_op_by_type [-Werror=implicit-function-declaration]
   72 |         mock_scheduled_operation_t *op = mock_phy_get_last_op_by_type(MOCK_OP_TYPE_RSSI);
      |                                          ^~~~~~~~~~~~~~~~~~~~~~~~~~~~
/home/bob/ncs/v3-zlink-U/nrf/lib/dect_nrplus/tests/mac_ft_beacon/src/main.c:72:42: error: initialization of mock_scheduled_operation_t * from int makes pointer from integer without a cast [-Werror=int-conversion]
/home/bob/ncs/v3-zlink-U/nrf/lib/dect_nrplus/tests/mac_ft_beacon/src/main.c:80:17: error: implicit declaration of function mock_phy_advance_time_us [-Werror=implicit-function-declaration]
   80 |                 mock_phy_advance_time_us(200 * 1000);
      |                 ^~~~~~~~~~~~~~~~~~~~~~~~
/home/bob/ncs/v3-zlink-U/nrf/lib/dect_nrplus/tests/mac_ft_beacon/src/main.c:95:12: error: assignment to mock_scheduled_operation_t * from int makes pointer from integer without a cast [-Werror=int-conversion]
   95 |         op = mock_phy_get_last_op_by_type(MOCK_OP_TYPE_TX);
      |            ^
cc1: all warnings being treated as errors
[22/163] Building C object CMakeFiles/app.dir/home/bob/ncs/v3-zlink-U/nrf/lib/dect_nrplus/mac/mock_nrf_modem_dect_phy.c.obj
[23/163] Building C object CMakeFiles/app.dir/home/bob/ncs/v3-zlink-U/nrf/lib/dect_nrplus/mac/dect_mac_security.c.obj
[24/163] Building C object CMakeFiles/app.dir/home/bob/ncs/v3-zlink-U/nrf/lib/dect_nrplus/mac/dect_mac_random.c.obj
[25/163] Building C object CMakeFiles/app.dir/home/bob/ncs/v3-zlink-U/nrf/lib/dect_nrplus/mac/dect_mac_shell.c.obj
[26/163] Building C object CMakeFiles/app.dir/home/bob/ncs/v3-zlink-U/nrf/lib/dect_nrplus/mac/dect_mac_phy_ctrl.c.obj
[27/163] Building C object CMakeFiles/app.dir/home/bob/ncs/v3-zlink-U/nrf/lib/dect_nrplus/mac/dect_mac_data_path.c.obj
[28/163] Building C object CMakeFiles/app.dir/home/bob/ncs/v3-zlink-U/nrf/lib/dect_nrplus/mac/dect_mac_pdu.c.obj
[29/163] Building C object CMakeFiles/app.dir/home/bob/ncs/v3-zlink-U/nrf/lib/dect_nrplus/mac/dect_mac_sm_ft.c.obj
[30/163] Building C object CMakeFiles/app.dir/home/bob/ncs/v3-zlink-U/nrf/lib/dect_nrplus/mac/dect_mac_sm_pt.c.obj
ninja: build stopped: subcommand failed.
</failure>
		</testcase>
	</testsuite>
</testsuites>