{
    "environment":{
        "os":"posix",
        "zephyr_version":"v4.0.99-ncs1-2",
        "toolchain":"zephyr",
        "commit_date":"2025-05-21T13:48:39+02:00",
        "run_date":"2026-01-28T14:13:25+00:00",
        "options":{
            "help":null,
            "zephyr_base":null,
            "quiet":0,
            "command":"twister",
            "testsuite_root":[
                "mac_ft_beacon"
            ],
            "clobber_output":true,
            "platform":[
                "native_sim/native/64"
            ]
        }
    },
    "testsuites":[
        {
            "name":"mac_ft_beacon.basic",
            "arch":"posix",
            "platform":"native_sim/native/64",
            "path":"../nrf/lib/dect_nrplus/tests/mac_ft_beacon",
            "run_id":"c3a691fa99ff0ff50a902c8eaa9051d2",
            "runnable":true,
            "retries":0,
            "toolchain":"host",
            "status":"error",
            "reason":"Build failure",
            "log":"Loading Zephyr default modules (Zephyr base).\n-- Application: /home/bob/ncs/v3-zlink-U/nrf/lib/dect_nrplus/tests/mac_ft_beacon\n-- CMake version: 3.21.0\n-- Found Python3: /home/bob/ncs/toolchains/43683a87ea/usr/local/bin/python3.12 (found suitable version \"3.12.4\", minimum required is \"3.10\") found components: Interpreter \n-- Cache files will be written to: /home/bob/.cache/zephyr\n-- Zephyr version: 4.0.99 (/home/bob/ncs/v3-zlink-U/zephyr)\n-- Found west (found suitable version \"1.4.0\", minimum required is \"0.14.0\")\n-- Board: native_sim, qualifiers: native/64\n-- Found host-tools: zephyr 0.17.0 (/home/bob/ncs/toolchains/43683a87ea/opt/zephyr-sdk)\n-- Found toolchain: host (gcc/ld)\n-- Found Dtc: /home/bob/ncs/toolchains/43683a87ea/usr/bin/dtc (found suitable version \"1.5.0\", minimum required is \"1.4.6\") \n-- Found BOARD.dts: /home/bob/ncs/v3-zlink-U/zephyr/boards/native/native_sim/native_sim_64.dts\n-- Generated zephyr.dts: /home/bob/ncs/v3-zlink-U/nrf/lib/dect_nrplus/tests/twister-out/native_sim_native_64/host/mac_ft_beacon.basic/zephyr/zephyr.dts\n-- Generated pickled edt: /home/bob/ncs/v3-zlink-U/nrf/lib/dect_nrplus/tests/twister-out/native_sim_native_64/host/mac_ft_beacon.basic/zephyr/edt.pickle\n-- Generated zephyr.dts: /home/bob/ncs/v3-zlink-U/nrf/lib/dect_nrplus/tests/twister-out/native_sim_native_64/host/mac_ft_beacon.basic/zephyr/zephyr.dts\n-- Generated devicetree_generated.h: /home/bob/ncs/v3-zlink-U/nrf/lib/dect_nrplus/tests/twister-out/native_sim_native_64/host/mac_ft_beacon.basic/zephyr/include/generated/zephyr/devicetree_generated.h\n-- Including generated dts.cmake file: /home/bob/ncs/v3-zlink-U/nrf/lib/dect_nrplus/tests/twister-out/native_sim_native_64/host/mac_ft_beacon.basic/zephyr/dts.cmake\nParsing /home/bob/ncs/v3-zlink-U/zephyr/Kconfig\nLoaded configuration '/home/bob/ncs/v3-zlink-U/zephyr/boards/native/native_sim/native_sim_64_defconfig'\nMerged configuration '/home/bob/ncs/v3-zlink-U/nrf/lib/dect_nrplus/tests/mac_ft_beacon/prj.conf'\nMerged configuration '/home/bob/ncs/v3-zlink-U/nrf/lib/dect_nrplus/tests/twister-out/native_sim_native_64/host/mac_ft_beacon.basic/zephyr/misc/generated/extra_kconfig_options.conf'\nConfiguration saved to '/home/bob/ncs/v3-zlink-U/nrf/lib/dect_nrplus/tests/twister-out/native_sim_native_64/host/mac_ft_beacon.basic/zephyr/.config'\nKconfig header saved to '/home/bob/ncs/v3-zlink-U/nrf/lib/dect_nrplus/tests/twister-out/native_sim_native_64/host/mac_ft_beacon.basic/zephyr/include/generated/zephyr/autoconf.h'\n-- Found GnuLd: /usr/bin/ld.bfd (found version \"2.38\") \n-- The C compiler identification is GNU 11.4.0\n-- The CXX compiler identification is GNU 11.4.0\n-- The ASM compiler identification is GNU\n-- Found assembler: /usr/bin/gcc\n-- Using ccache: /home/bob/ncs/toolchains/43683a87ea/usr/bin/ccache\n-- Configuring done\n-- Generating done\nCMake Warning:\n  Manually-specified variables were not used by the project:\n\n    TC_NAME\n\n\n-- Build files have been written to: /home/bob/ncs/v3-zlink-U/nrf/lib/dect_nrplus/tests/twister-out/native_sim_native_64/host/mac_ft_beacon.basic\n[1/163] Preparing syscall dependency handling\n\n[2/163] Generating ../../zephyr/include/generated/ncs_commit.h\n[3/163] Generating ../../zephyr/include/generated/zephyr_commit.h\n[4/163] Generating ../../zephyr/include/generated/ncs_version.h\n[5/163] Generating include/generated/zephyr/version.h\n-- Zephyr version: 4.0.99 (/home/bob/ncs/v3-zlink-U/zephyr), build: v4.0.99-ncs1-2\n[6/163] Generating misc/generated/syscalls_subdirs.trigger\n[7/163] Generating misc/generated/syscalls.json, misc/generated/struct_tags.json\n[8/163] Generating include/generated/device-api-sections.ld, include/generated/device-api-sections.cmake\n[9/163] Generating include/generated/zephyr/syscall_dispatch.c, include/generated/zephyr/syscall_exports_llext.c, syscall_weakdefs_llext.c, include/generated/zephyr/syscall_list.h\n[10/163] Generating include/generated/zephyr/kobj-types-enum.h, include/generated/zephyr/otype-to-str.h, include/generated/zephyr/otype-to-size.h\n[11/163] Generating include/generated/zephyr/driver-validation.h\n[12/163] Building C object zephyr/CMakeFiles/offsets.dir/arch/posix/core/offsets/offsets.c.obj\n[13/163] Generating include/generated/zephyr/offsets.h\n[14/163] Building C object CMakeFiles/app.dir/home/bob/ncs/v3-zlink-U/nrf/lib/dect_nrplus/mac/dect_mac_mgmt.c.obj\n[15/163] Building C object CMakeFiles/app.dir/home/bob/ncs/v3-zlink-U/nrf/lib/dect_nrplus/mac/dect_mac_nvs.c.obj\n[16/163] Building C object CMakeFiles/app.dir/home/bob/ncs/v3-zlink-U/nrf/lib/dect_nrplus/mac/dect_mac.c.obj\n[17/163] Building C object CMakeFiles/app.dir/home/bob/ncs/v3-zlink-U/nrf/lib/dect_nrplus/mac/dect_mac_phy_tbs_tables.c.obj\n[18/163] Building C object CMakeFiles/app.dir/home/bob/ncs/v3-zlink-U/nrf/lib/dect_nrplus/mac/dect_mac_main_dispatcher.c.obj\n[19/163] Building C object CMakeFiles/app.dir/home/bob/ncs/v3-zlink-U/nrf/lib/dect_nrplus/mac/dect_mac_api.c.obj\n[20/163] Building C object CMakeFiles/app.dir/home/bob/ncs/v3-zlink-U/nrf/lib/dect_nrplus/mac/dect_mac_core.c.obj\n[21/163] Building C object CMakeFiles/app.dir/src/main.c.obj\nFAILED: CMakeFiles/app.dir/src/main.c.obj \nccache /usr/bin/gcc -DKERNEL -DK_HEAP_MEM_POOL_SIZE=0 -DTC_RUNID=c3a691fa99ff0ff50a902c8eaa9051d2 -D__ZEPHYR__=1 -I/home/bob/ncs/v3-zlink-U/zephyr/include -I/home/bob/ncs/v3-zlink-U/nrf/lib/dect_nrplus/tests/mac_ft_beacon/../../include -I/home/bob/ncs/v3-zlink-U/nrf/lib/dect_nrplus/tests/mac_ft_beacon/../../include/mac -I/home/bob/ncs/v3-zlink-U/nrf/lib/dect_nrplus/tests/mac_ft_beacon/../../include/mocks -I/home/bob/ncs/v3-zlink-U/nrf/lib/dect_nrplus/tests/mac_ft_beacon/../../mac/include -I/home/bob/ncs/v3-zlink-U/nrf/lib/dect_nrplus/tests/twister-out/native_sim_native_64/host/mac_ft_beacon.basic/zephyr/include/generated/zephyr -I/home/bob/ncs/v3-zlink-U/nrf/lib/dect_nrplus/tests/twister-out/native_sim_native_64/host/mac_ft_beacon.basic/zephyr/include/generated -I/home/bob/ncs/v3-zlink-U/zephyr/soc/native/inf_clock -I/home/bob/ncs/v3-zlink-U/zephyr/boards/native/native_sim -I/home/bob/ncs/v3-zlink-U/zephyr/scripts/native_simulator/common/src/include -I/home/bob/ncs/v3-zlink-U/zephyr/scripts/native_simulator/native/src/include -I/home/bob/ncs/v3-zlink-U/zephyr/subsys/testsuite/include -I/home/bob/ncs/v3-zlink-U/zephyr/subsys/testsuite/coverage -I/home/bob/ncs/v3-zlink-U/zephyr/subsys/testsuite/ztest/include -I/home/bob/ncs/v3-zlink-U/nrf/include -I/home/bob/ncs/v3-zlink-U/nrf/lib/dect_nrplus/include -I/home/bob/ncs/v3-zlink-U/nrf/lib/dect_nrplus/mac/include -I/home/bob/ncs/v3-zlink-U/nrf/tests/include -fno-strict-aliasing -Werror -Os -imacros /home/bob/ncs/v3-zlink-U/nrf/lib/dect_nrplus/tests/twister-out/native_sim_native_64/host/mac_ft_beacon.basic/zephyr/include/generated/zephyr/autoconf.h -fno-common -g -gdwarf-4 -fdiagnostics-color=always -Wall -Wformat -Wformat-security -Wno-format-zero-length -Wdouble-promotion -Wno-pointer-sign -Wpointer-arith -Wexpansion-to-defined -Wno-unused-but-set-variable -Werror=implicit-int -fno-pic -fno-pie -fno-asynchronous-unwind-tables -fno-reorder-functions --param=min-pagesize=0 -fno-defer-pop -fmacro-prefix-map=/home/bob/ncs/v3-zlink-U/nrf/lib/dect_nrplus/tests/mac_ft_beacon=CMAKE_SOURCE_DIR -fmacro-prefix-map=/home/bob/ncs/v3-zlink-U/zephyr=ZEPHYR_BASE -fmacro-prefix-map=/home/bob/ncs/v3-zlink-U=WEST_TOPDIR -ffunction-sections -fdata-sections -m64 -fPIC -fvisibility=hidden -fno-freestanding -std=c11 -MD -MT CMakeFiles/app.dir/src/main.c.obj -MF CMakeFiles/app.dir/src/main.c.obj.d -o CMakeFiles/app.dir/src/main.c.obj -c /home/bob/ncs/v3-zlink-U/nrf/lib/dect_nrplus/tests/mac_ft_beacon/src/main.c\n/home/bob/ncs/v3-zlink-U/nrf/lib/dect_nrplus/tests/mac_ft_beacon/src/main.c: In function dect_ft_beacon_suite_setup:\n/home/bob/ncs/v3-zlink-U/nrf/lib/dect_nrplus/tests/mac_ft_beacon/src/main.c:42:9: error: implicit declaration of function mock_phy_reset [-Werror=implicit-function-declaration]\n   42 |         mock_phy_reset();\n      |         ^~~~~~~~~~~~~~\n/home/bob/ncs/v3-zlink-U/nrf/lib/dect_nrplus/tests/mac_ft_beacon/src/main.c: In function dect_ft_beacon_test_ft_scans_and_enters_beaconing:\n/home/bob/ncs/v3-zlink-U/nrf/lib/dect_nrplus/tests/mac_ft_beacon/src/main.c:72:42: error: implicit declaration of function mock_phy_get_last_op_by_type [-Werror=implicit-function-declaration]\n   72 |         mock_scheduled_operation_t *op = mock_phy_get_last_op_by_type(MOCK_OP_TYPE_RSSI);\n      |                                          ^~~~~~~~~~~~~~~~~~~~~~~~~~~~\n/home/bob/ncs/v3-zlink-U/nrf/lib/dect_nrplus/tests/mac_ft_beacon/src/main.c:72:42: error: initialization of mock_scheduled_operation_t * from int makes pointer from integer without a cast [-Werror=int-conversion]\n/home/bob/ncs/v3-zlink-U/nrf/lib/dect_nrplus/tests/mac_ft_beacon/src/main.c:80:17: error: implicit declaration of function mock_phy_advance_time_us [-Werror=implicit-function-declaration]\n   80 |                 mock_phy_advance_time_us(200 * 1000);\n      |                 ^~~~~~~~~~~~~~~~~~~~~~~~\n/home/bob/ncs/v3-zlink-U/nrf/lib/dect_nrplus/tests/mac_ft_beacon/src/main.c:95:12: error: assignment to mock_scheduled_operation_t * from int makes pointer from integer without a cast [-Werror=int-conversion]\n   95 |         op = mock_phy_get_last_op_by_type(MOCK_OP_TYPE_TX);\n      |            ^\ncc1: all warnings being treated as errors\n[22/163] Building C object CMakeFiles/app.dir/home/bob/ncs/v3-zlink-U/nrf/lib/dect_nrplus/mac/mock_nrf_modem_dect_phy.c.obj\n[23/163] Building C object CMakeFiles/app.dir/home/bob/ncs/v3-zlink-U/nrf/lib/dect_nrplus/mac/dect_mac_security.c.obj\n[24/163] Building C object CMakeFiles/app.dir/home/bob/ncs/v3-zlink-U/nrf/lib/dect_nrplus/mac/dect_mac_random.c.obj\n[25/163] Building C object CMakeFiles/app.dir/home/bob/ncs/v3-zlink-U/nrf/lib/dect_nrplus/mac/dect_mac_shell.c.obj\n[26/163] Building C object CMakeFiles/app.dir/home/bob/ncs/v3-zlink-U/nrf/lib/dect_nrplus/mac/dect_mac_phy_ctrl.c.obj\n[27/163] Building C object CMakeFiles/app.dir/home/bob/ncs/v3-zlink-U/nrf/lib/dect_nrplus/mac/dect_mac_data_path.c.obj\n[28/163] Building C object CMakeFiles/app.dir/home/bob/ncs/v3-zlink-U/nrf/lib/dect_nrplus/mac/dect_mac_pdu.c.obj\n[29/163] Building C object CMakeFiles/app.dir/home/bob/ncs/v3-zlink-U/nrf/lib/dect_nrplus/mac/dect_mac_sm_ft.c.obj\n[30/163] Building C object CMakeFiles/app.dir/home/bob/ncs/v3-zlink-U/nrf/lib/dect_nrplus/mac/dect_mac_sm_pt.c.obj\nninja: build stopped: subcommand failed.\n",
            "execution_time":"0.00",
            "build_time":"10.22",
            "testcases":[
                {
                    "identifier":"mac_ft_beacon.basic.dect_ft_beacon.ft_scans_and_enters_beaconing",
                    "execution_time":"0.00",
                    "status":"blocked",
                    "reason":"Build failure"
                }
            ]
        }
    ]
}